#
# A fatal error has been detected by the Java Runtime Environment:
#
#  Internal Error (generateOopMap.cpp:2164), pid=10112, tid=9436
#  fatal error: Illegal class file encountered. Try running with -Xverify:all in method InicioRegistroInformacionEscolar
#
# JRE version: Java(TM) SE Runtime Environment (16.0.1+9) (build 16.0.1+9-24)
# Java VM: Java HotSpot(TM) 64-Bit Server VM (16.0.1+9-24, mixed mode, sharing, tiered, compressed oops, compressed class ptrs, g1 gc, windows-amd64)
# No core dump will be written. Minidumps are not enabled by default on client versions of Windows
#
# If you would like to submit a bug report, please visit:
#   https://bugreport.java.com/bugreport/crash.jsp
#

---------------  S U M M A R Y ------------

Command Line: -agentlib:jdwp=transport=dt_socket,server=n,suspend=y,address=localhost:52658 --enable-preview -XX:+ShowCodeDetailsInExceptionMessages -Dfile.encoding=UTF-8 Principal

Host: Intel(R) Pentium(R) CPU G3220T @ 2.60GHz, 2 cores, 3G,  Windows 10 , 64 bit Build 19041 (10.0.19041.1023)
Time: Thu Jun 24 18:38:51 2021 Hora verano, Montañas (México) elapsed time: 1496.632568 seconds (0d 0h 24m 56s)

---------------  T H R E A D  ---------------

Current thread (0x000001e2b5cee610):  VMThread "VM Thread" [stack: 0x000000cda0c00000,0x000000cda0d00000] [id=9436]

Stack: [0x000000cda0c00000,0x000000cda0d00000]
Native frames: (J=compiled Java code, j=interpreted, Vv=VM code, C=native code)
V  [jvm.dll+0x6687ca]
V  [jvm.dll+0x7ca3c9]
V  [jvm.dll+0x7cbb53]
V  [jvm.dll+0x7cc167]
V  [jvm.dll+0x242c03]
V  [jvm.dll+0x3312e9]
V  [jvm.dll+0x330f28]
V  [jvm.dll+0x32f5a7]
V  [jvm.dll+0x32fe44]
V  [jvm.dll+0x32d39f]
V  [jvm.dll+0x32c627]
V  [jvm.dll+0x6572ce]
V  [jvm.dll+0x656fd3]
V  [jvm.dll+0x61c848]
V  [jvm.dll+0x7c1e55]
V  [jvm.dll+0x520b76]
V  [jvm.dll+0x7d05eb]
V  [jvm.dll+0x7d12e4]
V  [jvm.dll+0x7d17e9]
V  [jvm.dll+0x7d1aa4]
V  [jvm.dll+0x7d1b70]
V  [jvm.dll+0x779b4a]
V  [jvm.dll+0x667666]
C  [ucrtbase.dll+0x21bb2]
C  [KERNEL32.DLL+0x17034]
C  [ntdll.dll+0x52651]

VM_Operation (0x000000cda16fefb0): get/set locals, mode: safepoint, requested by thread 0x000001e2d34686c0


---------------  P R O C E S S  ---------------

Threads class SMR info:
_java_thread_list=0x000001e2d485cd30, length=21, elements={
0x000001e2d2806af0, 0x000001e2d28098d0, 0x000001e2d281eca0, 0x000001e2d281f8a0,
0x000001e2d2822b50, 0x000001e2d2823cf0, 0x000001e2d282af30, 0x000001e2d282e5d0,
0x000001e2d2899340, 0x000001e2d34686c0, 0x000001e2d346b7b0, 0x000001e2d3473030,
0x000001e2d3476860, 0x000001e2d347c280, 0x000001e2d36ca010, 0x000001e2d36ca530,
0x000001e2d36caa50, 0x000001e2d374d750, 0x000001e2b5c0bf40, 0x000001e2d435a980,
0x000001e2d47e20c0
}

Java Threads: ( => current thread )
  0x000001e2d2806af0 JavaThread "Reference Handler" daemon [_thread_blocked, id=4052, stack(0x000000cda0d00000,0x000000cda0e00000)]
  0x000001e2d28098d0 JavaThread "Finalizer" daemon [_thread_blocked, id=8212, stack(0x000000cda0e00000,0x000000cda0f00000)]
  0x000001e2d281eca0 JavaThread "Signal Dispatcher" daemon [_thread_blocked, id=6636, stack(0x000000cda0f00000,0x000000cda1000000)]
  0x000001e2d281f8a0 JavaThread "Attach Listener" daemon [_thread_blocked, id=8712, stack(0x000000cda1000000,0x000000cda1100000)]
  0x000001e2d2822b50 JavaThread "Service Thread" daemon [_thread_blocked, id=6268, stack(0x000000cda1100000,0x000000cda1200000)]
  0x000001e2d2823cf0 JavaThread "Monitor Deflation Thread" daemon [_thread_blocked, id=4460, stack(0x000000cda1200000,0x000000cda1300000)]
  0x000001e2d282af30 JavaThread "C2 CompilerThread0" daemon [_thread_blocked, id=10168, stack(0x000000cda1300000,0x000000cda1400000)]
  0x000001e2d282e5d0 JavaThread "C1 CompilerThread0" daemon [_thread_blocked, id=5520, stack(0x000000cda1400000,0x000000cda1500000)]
  0x000001e2d2899340 JavaThread "Sweeper thread" daemon [_thread_blocked, id=716, stack(0x000000cda1500000,0x000000cda1600000)]
  0x000001e2d34686c0 JavaThread "JDWP Transport Listener: dt_socket" daemon [_thread_blocked, id=9532, stack(0x000000cda1600000,0x000000cda1700000)]
  0x000001e2d346b7b0 JavaThread "JDWP Event Helper Thread" daemon [_thread_blocked, id=9308, stack(0x000000cda1700000,0x000000cda1800000)]
  0x000001e2d3473030 JavaThread "JDWP Command Reader" daemon [_thread_in_native, id=2168, stack(0x000000cda1800000,0x000000cda1900000)]
  0x000001e2d3476860 JavaThread "Notification Thread" daemon [_thread_blocked, id=2084, stack(0x000000cda1900000,0x000000cda1a00000)]
  0x000001e2d347c280 JavaThread "Common-Cleaner" daemon [_thread_blocked, id=9764, stack(0x000000cda1b00000,0x000000cda1c00000)]
  0x000001e2d36ca010 JavaThread "Java2D Disposer" daemon [_thread_blocked, id=9684, stack(0x000000cda1c00000,0x000000cda1d00000)]
  0x000001e2d36ca530 JavaThread "AWT-Shutdown" [_thread_blocked, id=7756, stack(0x000000cda1d00000,0x000000cda1e00000)]
  0x000001e2d36caa50 JavaThread "AWT-Windows" daemon [_thread_blocked, id=2012, stack(0x000000cda1e00000,0x000000cda1f00000)]
  0x000001e2d374d750 JavaThread "AWT-EventQueue-0" [_thread_blocked, id=5740, stack(0x000000cda1f00000,0x000000cda2000000)]
  0x000001e2b5c0bf40 JavaThread "DestroyJavaVM" [_thread_blocked, id=9564, stack(0x000000cda0600000,0x000000cda0700000)]
  0x000001e2d435a980 JavaThread "Timer-0" [_thread_blocked, id=9116, stack(0x000000cda2000000,0x000000cda2100000)]
  0x000001e2d47e20c0 JavaThread "TimerQueue" daemon [_thread_blocked, id=9884, stack(0x000000cda2900000,0x000000cda2a00000)]

Other Threads:
=>0x000001e2b5cee610 VMThread "VM Thread" [stack: 0x000000cda0c00000,0x000000cda0d00000] [id=9436]
  0x000001e2d3476d80 WatcherThread [stack: 0x000000cda1a00000,0x000000cda1b00000] [id=9848]
  0x000001e2b5c39650 GCTaskThread "GC Thread#0" [stack: 0x000000cda0700000,0x000000cda0800000] [id=648]
  0x000001e2d42ef500 GCTaskThread "GC Thread#1" [stack: 0x000000cda2200000,0x000000cda2300000] [id=5692]
  0x000001e2b5c42510 ConcurrentGCThread "G1 Main Marker" [stack: 0x000000cda0800000,0x000000cda0900000] [id=7060]
  0x000001e2b5c43000 ConcurrentGCThread "G1 Conc#0" [stack: 0x000000cda0900000,0x000000cda0a00000] [id=8112]
  0x000001e2b5c87700 ConcurrentGCThread "G1 Refine#0" [stack: 0x000000cda0a00000,0x000000cda0b00000] [id=9612]
  0x000001e2d4353750 ConcurrentGCThread "G1 Refine#1" [stack: 0x000000cda2300000,0x000000cda2400000] [id=2112]
  0x000001e2b5c88180 ConcurrentGCThread "G1 Service" [stack: 0x000000cda0b00000,0x000000cda0c00000] [id=10084]

Threads with active compile tasks:

VM state: at safepoint (normal execution)

VM Mutex/Monitor currently owned by a thread:  ([mutex/lock_event])
[0x000001e2b5c07fe0] Threads_lock - owner thread: 0x000001e2b5cee610

Heap address: 0x00000000c1400000, size: 1004 MB, Compressed Oops mode: 32-bit

CDS archive(s) mapped at: [0x0000000800000000-0x0000000800bb0000-0x0000000800bb0000), size 12255232, SharedBaseAddress: 0x0000000800000000, ArchiveRelocationMode: 0.
Compressed class space mapped at: 0x0000000800c00000-0x0000000840c00000, reserved size: 1073741824
Narrow klass base: 0x0000000800000000, Narrow klass shift: 3, Narrow klass range: 0x100000000

GC Precious Log:
 CPUs: 2 total, 2 available
 Memory: 4013M
 Large Page Support: Disabled
 NUMA Support: Disabled
 Compressed Oops: Enabled (32-bit)
 Heap Region Size: 1M
 Heap Min Capacity: 8M
 Heap Initial Capacity: 64M
 Heap Max Capacity: 1004M
 Pre-touch: Disabled
 Parallel Workers: 2
 Concurrent Workers: 1
 Concurrent Refinement Workers: 2
 Periodic GC: Disabled

Heap:
 garbage-first heap   total 65536K, used 36365K [0x00000000c1400000, 0x0000000100000000)
  region size 1024K, 5 young (5120K), 3 survivors (3072K)
 Metaspace       used 17973K, committed 18368K, reserved 1073152K
  class space    used 1879K, committed 2048K, reserved 1048576K

Heap Regions: E=young(eden), S=young(survivor), O=old, HS=humongous(starts), HC=humongous(continues), CS=collection set, F=free, OA=open archive, CA=closed archive, TAMS=top-at-mark-start (previous, next)
|   0|0x00000000c1400000, 0x00000000c1500000, 0x00000000c1500000|100%| O|  |TAMS 0x00000000c1500000, 0x00000000c1400000| Untracked 
|   1|0x00000000c1500000, 0x00000000c1600000, 0x00000000c1600000|100%| O|  |TAMS 0x00000000c1600000, 0x00000000c1500000| Untracked 
|   2|0x00000000c1600000, 0x00000000c1700000, 0x00000000c1700000|100%|HS|  |TAMS 0x00000000c1700000, 0x00000000c1600000| Complete 
|   3|0x00000000c1700000, 0x00000000c1800000, 0x00000000c1800000|100%|HC|  |TAMS 0x00000000c1800000, 0x00000000c1700000| Complete 
|   4|0x00000000c1800000, 0x00000000c1900000, 0x00000000c1900000|100%|HC|  |TAMS 0x00000000c1900000, 0x00000000c1800000| Complete 
|   5|0x00000000c1900000, 0x00000000c1a00000, 0x00000000c1a00000|100%|HC|  |TAMS 0x00000000c1a00000, 0x00000000c1900000| Complete 
|   6|0x00000000c1a00000, 0x00000000c1b00000, 0x00000000c1b00000|100%| O|  |TAMS 0x00000000c1b00000, 0x00000000c1a00000| Untracked 
|   7|0x00000000c1b00000, 0x00000000c1c00000, 0x00000000c1c00000|100%|HS|  |TAMS 0x00000000c1c00000, 0x00000000c1b00000| Complete 
|   8|0x00000000c1c00000, 0x00000000c1d00000, 0x00000000c1d00000|100%|HC|  |TAMS 0x00000000c1d00000, 0x00000000c1c00000| Complete 
|   9|0x00000000c1d00000, 0x00000000c1e00000, 0x00000000c1e00000|100%|HC|  |TAMS 0x00000000c1e00000, 0x00000000c1d00000| Complete 
|  10|0x00000000c1e00000, 0x00000000c1e00000, 0x00000000c1f00000|  0%| F|  |TAMS 0x00000000c1e00000, 0x00000000c1e00000| Untracked 
|  11|0x00000000c1f00000, 0x00000000c2000000, 0x00000000c2000000|100%|HS|  |TAMS 0x00000000c2000000, 0x00000000c1f00000| Complete 
|  12|0x00000000c2000000, 0x00000000c2100000, 0x00000000c2100000|100%|HC|  |TAMS 0x00000000c2100000, 0x00000000c2000000| Complete 
|  13|0x00000000c2100000, 0x00000000c2200000, 0x00000000c2200000|100%|HC|  |TAMS 0x00000000c2200000, 0x00000000c2100000| Complete 
|  14|0x00000000c2200000, 0x00000000c2300000, 0x00000000c2300000|100%|HS|  |TAMS 0x00000000c2300000, 0x00000000c2200000| Complete 
|  15|0x00000000c2300000, 0x00000000c2400000, 0x00000000c2400000|100%|HC|  |TAMS 0x00000000c2400000, 0x00000000c2300000| Complete 
|  16|0x00000000c2400000, 0x00000000c2400000, 0x00000000c2500000|  0%| F|  |TAMS 0x00000000c2400000, 0x00000000c2400000| Untracked 
|  17|0x00000000c2500000, 0x00000000c2600000, 0x00000000c2600000|100%|HS|  |TAMS 0x00000000c2600000, 0x00000000c2500000| Complete 
|  18|0x00000000c2600000, 0x00000000c2700000, 0x00000000c2700000|100%|HC|  |TAMS 0x00000000c2700000, 0x00000000c2600000| Complete 
|  19|0x00000000c2700000, 0x00000000c2800000, 0x00000000c2800000|100%|HC|  |TAMS 0x00000000c2800000, 0x00000000c2700000| Complete 
|  20|0x00000000c2800000, 0x00000000c2800000, 0x00000000c2900000|  0%| F|  |TAMS 0x00000000c2800000, 0x00000000c2800000| Untracked 
|  21|0x00000000c2900000, 0x00000000c2900000, 0x00000000c2a00000|  0%| F|  |TAMS 0x00000000c2900000, 0x00000000c2900000| Untracked 
|  22|0x00000000c2a00000, 0x00000000c2a00000, 0x00000000c2b00000|  0%| F|  |TAMS 0x00000000c2a00000, 0x00000000c2a00000| Untracked 
|  23|0x00000000c2b00000, 0x00000000c2c00000, 0x00000000c2c00000|100%| O|  |TAMS 0x00000000c2c00000, 0x00000000c2b00000| Untracked 
|  24|0x00000000c2c00000, 0x00000000c2d00000, 0x00000000c2d00000|100%| O|  |TAMS 0x00000000c2d00000, 0x00000000c2c00000| Untracked 
|  25|0x00000000c2d00000, 0x00000000c2e00000, 0x00000000c2e00000|100%| O|  |TAMS 0x00000000c2e00000, 0x00000000c2d00000| Untracked 
|  26|0x00000000c2e00000, 0x00000000c2f00000, 0x00000000c2f00000|100%| O|  |TAMS 0x00000000c2f00000, 0x00000000c2e00000| Untracked 
|  27|0x00000000c2f00000, 0x00000000c3000000, 0x00000000c3000000|100%| O|  |TAMS 0x00000000c3000000, 0x00000000c2f00000| Untracked 
|  28|0x00000000c3000000, 0x00000000c3100000, 0x00000000c3100000|100%|HS|  |TAMS 0x00000000c3100000, 0x00000000c3000000| Complete 
|  29|0x00000000c3100000, 0x00000000c3200000, 0x00000000c3200000|100%|HC|  |TAMS 0x00000000c3200000, 0x00000000c3100000| Complete 
|  30|0x00000000c3200000, 0x00000000c3300000, 0x00000000c3300000|100%|HC|  |TAMS 0x00000000c3300000, 0x00000000c3200000| Complete 
|  31|0x00000000c3300000, 0x00000000c3400000, 0x00000000c3400000|100%|HC|  |TAMS 0x00000000c3400000, 0x00000000c3300000| Complete 
|  32|0x00000000c3400000, 0x00000000c3500000, 0x00000000c3500000|100%| O|  |TAMS 0x00000000c3500000, 0x00000000c3400000| Untracked 
|  33|0x00000000c3500000, 0x00000000c3566200, 0x00000000c3600000| 39%| O|  |TAMS 0x00000000c355c200, 0x00000000c3500000| Untracked 
|  34|0x00000000c3600000, 0x00000000c3700000, 0x00000000c3700000|100%|HS|  |TAMS 0x00000000c3600000, 0x00000000c3600000| Complete 
|  35|0x00000000c3700000, 0x00000000c3800000, 0x00000000c3800000|100%|HC|  |TAMS 0x00000000c3700000, 0x00000000c3700000| Complete 
|  36|0x00000000c3800000, 0x00000000c3900000, 0x00000000c3900000|100%|HC|  |TAMS 0x00000000c3800000, 0x00000000c3800000| Complete 
|  37|0x00000000c3900000, 0x00000000c3a00000, 0x00000000c3a00000|100%|HC|  |TAMS 0x00000000c3900000, 0x00000000c3900000| Complete 
|  38|0x00000000c3a00000, 0x00000000c3a00000, 0x00000000c3b00000|  0%| F|  |TAMS 0x00000000c3a00000, 0x00000000c3a00000| Untracked 
|  39|0x00000000c3b00000, 0x00000000c3b1d410, 0x00000000c3c00000| 11%| S|CS|TAMS 0x00000000c3b00000, 0x00000000c3b00000| Complete 
|  40|0x00000000c3c00000, 0x00000000c3d00000, 0x00000000c3d00000|100%| S|CS|TAMS 0x00000000c3c00000, 0x00000000c3c00000| Complete 
|  41|0x00000000c3d00000, 0x00000000c3e00000, 0x00000000c3e00000|100%| S|CS|TAMS 0x00000000c3d00000, 0x00000000c3d00000| Complete 
|  42|0x00000000c3e00000, 0x00000000c3e00000, 0x00000000c3f00000|  0%| F|  |TAMS 0x00000000c3e00000, 0x00000000c3e00000| Untracked 
|  43|0x00000000c3f00000, 0x00000000c3f00000, 0x00000000c4000000|  0%| F|  |TAMS 0x00000000c3f00000, 0x00000000c3f00000| Untracked 
|  44|0x00000000c4000000, 0x00000000c4000000, 0x00000000c4100000|  0%| F|  |TAMS 0x00000000c4000000, 0x00000000c4000000| Untracked 
|  45|0x00000000c4100000, 0x00000000c4100000, 0x00000000c4200000|  0%| F|  |TAMS 0x00000000c4100000, 0x00000000c4100000| Untracked 
|  46|0x00000000c4200000, 0x00000000c4200000, 0x00000000c4300000|  0%| F|  |TAMS 0x00000000c4200000, 0x00000000c4200000| Untracked 
|  47|0x00000000c4300000, 0x00000000c4300000, 0x00000000c4400000|  0%| F|  |TAMS 0x00000000c4300000, 0x00000000c4300000| Untracked 
|  48|0x00000000c4400000, 0x00000000c4400000, 0x00000000c4500000|  0%| F|  |TAMS 0x00000000c4400000, 0x00000000c4400000| Untracked 
|  49|0x00000000c4500000, 0x00000000c4500000, 0x00000000c4600000|  0%| F|  |TAMS 0x00000000c4500000, 0x00000000c4500000| Untracked 
|  50|0x00000000c4600000, 0x00000000c4600000, 0x00000000c4700000|  0%| F|  |TAMS 0x00000000c4600000, 0x00000000c4600000| Untracked 
|  51|0x00000000c4700000, 0x00000000c4700000, 0x00000000c4800000|  0%| F|  |TAMS 0x00000000c4700000, 0x00000000c4700000| Untracked 
|  52|0x00000000c4800000, 0x00000000c4800000, 0x00000000c4900000|  0%| F|  |TAMS 0x00000000c4800000, 0x00000000c4800000| Untracked 
|  53|0x00000000c4900000, 0x00000000c4900000, 0x00000000c4a00000|  0%| F|  |TAMS 0x00000000c4900000, 0x00000000c4900000| Untracked 
|  54|0x00000000c4a00000, 0x00000000c4a00000, 0x00000000c4b00000|  0%| F|  |TAMS 0x00000000c4a00000, 0x00000000c4a00000| Untracked 
|  55|0x00000000c4b00000, 0x00000000c4b00000, 0x00000000c4c00000|  0%| F|  |TAMS 0x00000000c4b00000, 0x00000000c4b00000| Untracked 
|  56|0x00000000c4c00000, 0x00000000c4c00000, 0x00000000c4d00000|  0%| F|  |TAMS 0x00000000c4c00000, 0x00000000c4c00000| Untracked 
|  57|0x00000000c4d00000, 0x00000000c4d00000, 0x00000000c4e00000|  0%| F|  |TAMS 0x00000000c4d00000, 0x00000000c4d00000| Untracked 
|  58|0x00000000c4e00000, 0x00000000c4e00000, 0x00000000c4f00000|  0%| F|  |TAMS 0x00000000c4e00000, 0x00000000c4e00000| Untracked 
|  59|0x00000000c4f00000, 0x00000000c4f00000, 0x00000000c5000000|  0%| F|  |TAMS 0x00000000c4f00000, 0x00000000c4f00000| Untracked 
|  60|0x00000000c5000000, 0x00000000c5000000, 0x00000000c5100000|  0%| F|  |TAMS 0x00000000c5000000, 0x00000000c5000000| Untracked 
|  61|0x00000000c5100000, 0x00000000c5100000, 0x00000000c5200000|  0%| F|  |TAMS 0x00000000c5100000, 0x00000000c5100000| Untracked 
|  62|0x00000000c5200000, 0x00000000c527dca0, 0x00000000c5300000| 49%| E|  |TAMS 0x00000000c5200000, 0x00000000c5200000| Complete 
|  63|0x00000000c5300000, 0x00000000c5400000, 0x00000000c5400000|100%| E|CS|TAMS 0x00000000c5300000, 0x00000000c5300000| Complete 

Card table byte_map: [0x000001e2ce1a0000,0x000001e2ce3a0000] _byte_map_base: 0x000001e2cdb96000

Marking Bits (Prev, Next): (CMBitMap*) 0x000001e2b5c39d40, (CMBitMap*) 0x000001e2b5c39d80
 Prev Bits: [0x000001e2ce5a0000, 0x000001e2cf550000)
 Next Bits: [0x000001e2cf550000, 0x000001e2d0500000)

Polling page: 0x000001e2b5a80000

Metaspace:

Usage:
  Non-class:     15.72 MB used.
      Class:      1.84 MB used.
       Both:     17.55 MB used.

Virtual space:
  Non-class space:       24.00 MB reserved,      15.94 MB ( 66%) committed,  3 nodes.
      Class space:        1.00 GB reserved,       2.00 MB ( <1%) committed,  1 nodes.
              Both:        1.02 GB reserved,      17.94 MB (  2%) committed. 

Chunk freelists:
   Non-Class:  3.93 MB
       Class:  2.05 MB
        Both:  5.98 MB

MaxMetaspaceSize: 17179869184.00 GB
CompressedClassSpaceSize: 1.00 GB
 - commit_granule_bytes: 65536.
 - commit_granule_words: 8192.
 - virtual_space_node_default_size: 1048576.
 - enlarge_chunks_in_place: 1.
 - new_chunks_are_fully_committed: 0.
 - uncommit_free_chunks: 1.
 - use_allocation_guard: 0.
 - handle_deallocations: 1.


Internal statistics:

num_allocs_failed_limit: 0.
num_arena_births: 606.
num_arena_deaths: 196.
num_vsnodes_births: 4.
num_vsnodes_deaths: 0.
num_space_committed: 287.
num_space_uncommitted: 0.
num_chunks_returned_to_freelist: 259.
num_chunks_taken_from_freelist: 911.
num_chunk_merges: 109.
num_chunk_splits: 505.
num_chunks_enlarged: 166.
num_purges: 2.

CodeHeap 'non-profiled nmethods': size=120064Kb used=5484Kb max_used=5802Kb free=114580Kb
 bounds [0x000001e2c6660000, 0x000001e2c6c10000, 0x000001e2cdba0000]
CodeHeap 'profiled nmethods': size=120000Kb used=8756Kb max_used=9580Kb free=111243Kb
 bounds [0x000001e2bf130000, 0x000001e2bfa90000, 0x000001e2c6660000]
CodeHeap 'non-nmethods': size=5696Kb used=1465Kb max_used=1597Kb free=4230Kb
 bounds [0x000001e2beba0000, 0x000001e2bee10000, 0x000001e2bf130000]
 total_blobs=5409 nmethods=4669 adapters=649
 compilation: enabled
              stopped_count=0, restarted_count=0
 full_count=0

Compilation events (20 events):
Event: 1228.014 Thread 0x000001e2d282e5d0 5762       3       jdk.internal.org.objectweb.asm.FieldWriter::<init> (69 bytes)
Event: 1228.014 Thread 0x000001e2d282e5d0 nmethod 5762 0x000001e2bf3b0010 code [0x000001e2bf3b0200, 0x000001e2bf3b05e8]
Event: 1228.016 Thread 0x000001e2d282e5d0 5765       3       jdk.internal.org.objectweb.asm.AnnotationWriter::putAnnotations (110 bytes)
Event: 1228.016 Thread 0x000001e2d282e5d0 nmethod 5765 0x000001e2bf3af790 code [0x000001e2bf3af9a0, 0x000001e2bf3afda8]
Event: 1228.016 Thread 0x000001e2d282e5d0 5766       3       java.lang.invoke.ClassSpecializer$SpeciesData::factory (14 bytes)
Event: 1228.017 Thread 0x000001e2d282e5d0 nmethod 5766 0x000001e2bf3af210 code [0x000001e2bf3af3c0, 0x000001e2bf3af6a8]
Event: 1228.017 Thread 0x000001e2d282e5d0 5767       3       java.lang.invoke.LambdaForm$Name::<init> (9 bytes)
Event: 1228.017 Thread 0x000001e2d282e5d0 nmethod 5767 0x000001e2bf3aed10 code [0x000001e2bf3aeec0, 0x000001e2bf3af028]
Event: 1228.017 Thread 0x000001e2d282e5d0 5770       3       java.lang.Class::descriptorString (160 bytes)
Event: 1228.019 Thread 0x000001e2d282e5d0 nmethod 5770 0x000001e2bf792c10 code [0x000001e2bf7930e0, 0x000001e2bf794ba8]
Event: 1304.843 Thread 0x000001e2d282af30 5777       4       java.util.concurrent.locks.AbstractQueuedSynchronizer$Node::clearStatus (12 bytes)
Event: 1304.845 Thread 0x000001e2d282af30 nmethod 5777 0x000001e2c6869510 code [0x000001e2c6869680, 0x000001e2c68696f8]
Event: 1304.932 Thread 0x000001e2d282af30 5778       4       java.util.concurrent.locks.AbstractQueuedSynchronizer$ConditionObject::enableWait (84 bytes)
Event: 1304.940 Thread 0x000001e2d282af30 nmethod 5778 0x000001e2c6868810 code [0x000001e2c68689c0, 0x000001e2c6869108]
Event: 1322.750 Thread 0x000001e2d282af30 5779       4       java.util.ArrayList::grow (60 bytes)
Event: 1322.756 Thread 0x000001e2d282af30 nmethod 5779 0x000001e2c6867d90 code [0x000001e2c6867f20, 0x000001e2c6868518]
Event: 1373.347 Thread 0x000001e2d282af30 5780       4       java.util.TaskQueue::isEmpty (13 bytes)
Event: 1373.348 Thread 0x000001e2d282af30 nmethod 5780 0x000001e2c67f5490 code [0x000001e2c67f5620, 0x000001e2c67f56b8]
Event: 1495.415 Thread 0x000001e2d282af30 5781       4       java.util.concurrent.TimeUnit::toNanos (45 bytes)
Event: 1495.421 Thread 0x000001e2d282af30 nmethod 5781 0x000001e2c67f5110 code [0x000001e2c67f52a0, 0x000001e2c67f5398]

GC Heap History (20 events):
Event: 1005.177 GC heap before
{Heap before GC invocations=13 (full 0):
 garbage-first heap   total 65536K, used 54579K [0x00000000c1400000, 0x0000000100000000)
  region size 1024K, 31 young (31744K), 1 survivors (1024K)
 Metaspace       used 16826K, committed 17152K, reserved 1064960K
  class space    used 1728K, committed 1920K, reserved 1048576K
}
Event: 1005.184 GC heap after
{Heap after GC invocations=14 (full 0):
 garbage-first heap   total 65536K, used 23848K [0x00000000c1400000, 0x0000000100000000)
  region size 1024K, 1 young (1024K), 1 survivors (1024K)
 Metaspace       used 16826K, committed 17152K, reserved 1064960K
  class space    used 1728K, committed 1920K, reserved 1048576K
}
Event: 1006.559 GC heap before
{Heap before GC invocations=14 (full 0):
 garbage-first heap   total 65536K, used 54568K [0x00000000c1400000, 0x0000000100000000)
  region size 1024K, 31 young (31744K), 1 survivors (1024K)
 Metaspace       used 16833K, committed 17152K, reserved 1064960K
  class space    used 1728K, committed 1920K, reserved 1048576K
}
Event: 1006.562 GC heap after
{Heap after GC invocations=15 (full 0):
 garbage-first heap   total 65536K, used 23817K [0x00000000c1400000, 0x0000000100000000)
  region size 1024K, 1 young (1024K), 1 survivors (1024K)
 Metaspace       used 16833K, committed 17152K, reserved 1064960K
  class space    used 1728K, committed 1920K, reserved 1048576K
}
Event: 1011.233 GC heap before
{Heap before GC invocations=15 (full 0):
 garbage-first heap   total 65536K, used 54537K [0x00000000c1400000, 0x0000000100000000)
  region size 1024K, 31 young (31744K), 1 survivors (1024K)
 Metaspace       used 16853K, committed 17152K, reserved 1064960K
  class space    used 1728K, committed 1920K, reserved 1048576K
}
Event: 1011.238 GC heap after
{Heap after GC invocations=16 (full 0):
 garbage-first heap   total 65536K, used 23835K [0x00000000c1400000, 0x0000000100000000)
  region size 1024K, 1 young (1024K), 1 survivors (1024K)
 Metaspace       used 16853K, committed 17152K, reserved 1064960K
  class space    used 1728K, committed 1920K, reserved 1048576K
}
Event: 1022.093 GC heap before
{Heap before GC invocations=16 (full 0):
 garbage-first heap   total 65536K, used 55579K [0x00000000c1400000, 0x0000000100000000)
  region size 1024K, 32 young (32768K), 1 survivors (1024K)
 Metaspace       used 16935K, committed 17216K, reserved 1064960K
  class space    used 1728K, committed 1920K, reserved 1048576K
}
Event: 1022.100 GC heap after
{Heap after GC invocations=17 (full 0):
 garbage-first heap   total 65536K, used 23989K [0x00000000c1400000, 0x0000000100000000)
  region size 1024K, 2 young (2048K), 2 survivors (2048K)
 Metaspace       used 16935K, committed 17216K, reserved 1064960K
  class space    used 1728K, committed 1920K, reserved 1048576K
}
Event: 1050.115 GC heap before
{Heap before GC invocations=17 (full 0):
 garbage-first heap   total 65536K, used 54709K [0x00000000c1400000, 0x0000000100000000)
  region size 1024K, 32 young (32768K), 2 survivors (2048K)
 Metaspace       used 16971K, committed 17280K, reserved 1064960K
  class space    used 1728K, committed 1920K, reserved 1048576K
}
Event: 1050.118 GC heap after
{Heap after GC invocations=18 (full 0):
 garbage-first heap   total 65536K, used 24132K [0x00000000c1400000, 0x0000000100000000)
  region size 1024K, 2 young (2048K), 2 survivors (2048K)
 Metaspace       used 16971K, committed 17280K, reserved 1064960K
  class space    used 1728K, committed 1920K, reserved 1048576K
}
Event: 1095.307 GC heap before
{Heap before GC invocations=18 (full 0):
 garbage-first heap   total 65536K, used 54852K [0x00000000c1400000, 0x0000000100000000)
  region size 1024K, 32 young (32768K), 2 survivors (2048K)
 Metaspace       used 17071K, committed 17408K, reserved 1064960K
  class space    used 1728K, committed 1920K, reserved 1048576K
}
Event: 1095.311 GC heap after
{Heap after GC invocations=19 (full 0):
 garbage-first heap   total 65536K, used 24237K [0x00000000c1400000, 0x0000000100000000)
  region size 1024K, 2 young (2048K), 2 survivors (2048K)
 Metaspace       used 17071K, committed 17408K, reserved 1064960K
  class space    used 1728K, committed 1920K, reserved 1048576K
}
Event: 1161.329 GC heap before
{Heap before GC invocations=19 (full 0):
 garbage-first heap   total 65536K, used 60077K [0x00000000c1400000, 0x0000000100000000)
  region size 1024K, 32 young (32768K), 2 survivors (2048K)
 Metaspace       used 17491K, committed 17792K, reserved 1064960K
  class space    used 1781K, committed 1920K, reserved 1048576K
}
Event: 1161.333 GC heap after
{Heap after GC invocations=20 (full 0):
 garbage-first heap   total 65536K, used 29579K [0x00000000c1400000, 0x0000000100000000)
  region size 1024K, 2 young (2048K), 2 survivors (2048K)
 Metaspace       used 17491K, committed 17792K, reserved 1064960K
  class space    used 1781K, committed 1920K, reserved 1048576K
}
Event: 1161.369 GC heap before
{Heap before GC invocations=20 (full 0):
 garbage-first heap   total 65536K, used 29579K [0x00000000c1400000, 0x0000000100000000)
  region size 1024K, 3 young (3072K), 2 survivors (2048K)
 Metaspace       used 17614K, committed 17920K, reserved 1064960K
  class space    used 1826K, committed 1984K, reserved 1048576K
}
Event: 1161.377 GC heap after
{Heap after GC invocations=21 (full 0):
 garbage-first heap   total 65536K, used 29522K [0x00000000c1400000, 0x0000000100000000)
  region size 1024K, 2 young (2048K), 2 survivors (2048K)
 Metaspace       used 17614K, committed 17920K, reserved 1064960K
  class space    used 1826K, committed 1984K, reserved 1048576K
}
Event: 1161.448 GC heap before
{Heap before GC invocations=21 (full 0):
 garbage-first heap   total 65536K, used 37714K [0x00000000c1400000, 0x0000000100000000)
  region size 1024K, 7 young (7168K), 2 survivors (2048K)
 Metaspace       used 17645K, committed 17984K, reserved 1064960K
  class space    used 1833K, committed 1984K, reserved 1048576K
}
Event: 1161.455 GC heap after
{Heap after GC invocations=22 (full 0):
 garbage-first heap   total 65536K, used 33530K [0x00000000c1400000, 0x0000000100000000)
  region size 1024K, 2 young (2048K), 2 survivors (2048K)
 Metaspace       used 17645K, committed 17984K, reserved 1064960K
  class space    used 1833K, committed 1984K, reserved 1048576K
}
Event: 1358.772 GC heap before
{Heap before GC invocations=23 (full 0):
 garbage-first heap   total 65536K, used 55034K [0x00000000c1400000, 0x0000000100000000)
  region size 1024K, 22 young (22528K), 2 survivors (2048K)
 Metaspace       used 17967K, committed 18368K, reserved 1073152K
  class space    used 1874K, committed 2048K, reserved 1048576K
}
Event: 1358.785 GC heap after
{Heap after GC invocations=24 (full 0):
 garbage-first heap   total 65536K, used 35341K [0x00000000c1400000, 0x0000000100000000)
  region size 1024K, 3 young (3072K), 3 survivors (3072K)
 Metaspace       used 17967K, committed 18368K, reserved 1073152K
  class space    used 1874K, committed 2048K, reserved 1048576K
}

Deoptimization events (20 events):
Event: 1182.115 Thread 0x000001e2d374d750 DEOPT PACKING pc=0x000001e2bf444197 sp=0x000000cda1ff8070
Event: 1182.115 Thread 0x000001e2d374d750 DEOPT UNPACKING pc=0x000001e2bebedeaf sp=0x000000cda1ff75b8 mode 1
Event: 1182.115 Thread 0x000001e2d374d750 DEOPT PACKING pc=0x000001e2bf584944 sp=0x000000cda1ff81a0
Event: 1182.115 Thread 0x000001e2d374d750 DEOPT UNPACKING pc=0x000001e2bebedeaf sp=0x000000cda1ff7610 mode 1
Event: 1182.121 Thread 0x000001e2d374d750 DEOPT PACKING pc=0x000001e2bf444197 sp=0x000000cda1ff83c0
Event: 1182.121 Thread 0x000001e2d374d750 DEOPT UNPACKING pc=0x000001e2bebedeaf sp=0x000000cda1ff7908 mode 1
Event: 1182.121 Thread 0x000001e2d374d750 DEOPT PACKING pc=0x000001e2bf584944 sp=0x000000cda1ff84f0
Event: 1182.121 Thread 0x000001e2d374d750 DEOPT UNPACKING pc=0x000001e2bebedeaf sp=0x000000cda1ff7960 mode 1
Event: 1182.143 Thread 0x000001e2d374d750 DEOPT PACKING pc=0x000001e2bf444197 sp=0x000000cda1ff83c0
Event: 1182.143 Thread 0x000001e2d374d750 DEOPT UNPACKING pc=0x000001e2bebedeaf sp=0x000000cda1ff7908 mode 1
Event: 1182.143 Thread 0x000001e2d374d750 DEOPT PACKING pc=0x000001e2bf584944 sp=0x000000cda1ff84f0
Event: 1182.143 Thread 0x000001e2d374d750 DEOPT UNPACKING pc=0x000001e2bebedeaf sp=0x000000cda1ff7960 mode 1
Event: 1182.144 Thread 0x000001e2d374d750 DEOPT PACKING pc=0x000001e2bf444197 sp=0x000000cda1ff8070
Event: 1182.144 Thread 0x000001e2d374d750 DEOPT UNPACKING pc=0x000001e2bebedeaf sp=0x000000cda1ff75b8 mode 1
Event: 1182.144 Thread 0x000001e2d374d750 DEOPT PACKING pc=0x000001e2bf584944 sp=0x000000cda1ff81a0
Event: 1182.144 Thread 0x000001e2d374d750 DEOPT UNPACKING pc=0x000001e2bebedeaf sp=0x000000cda1ff7610 mode 1
Event: 1182.152 Thread 0x000001e2d374d750 DEOPT PACKING pc=0x000001e2bf444197 sp=0x000000cda1ff83c0
Event: 1182.152 Thread 0x000001e2d374d750 DEOPT UNPACKING pc=0x000001e2bebedeaf sp=0x000000cda1ff7908 mode 1
Event: 1182.152 Thread 0x000001e2d374d750 DEOPT PACKING pc=0x000001e2bf584944 sp=0x000000cda1ff84f0
Event: 1182.152 Thread 0x000001e2d374d750 DEOPT UNPACKING pc=0x000001e2bebedeaf sp=0x000000cda1ff7960 mode 1

Classes unloaded (20 events):
Event: 1161.520 Thread 0x000001e2b5cee610 Unloading class 0x0000000800c09c00 'java/lang/invoke/LambdaForm$MH+0x0000000800c09c00'
Event: 1161.520 Thread 0x000001e2b5cee610 Unloading class 0x0000000800c09000 'java/lang/invoke/LambdaForm$MH+0x0000000800c09000'
Event: 1161.521 Thread 0x000001e2b5cee610 Unloading class 0x0000000800c08c00 'java/lang/invoke/LambdaForm$MH+0x0000000800c08c00'
Event: 1161.521 Thread 0x000001e2b5cee610 Unloading class 0x0000000800c08800 'java/lang/invoke/LambdaForm$MH+0x0000000800c08800'
Event: 1161.521 Thread 0x000001e2b5cee610 Unloading class 0x0000000800c08400 'java/lang/invoke/LambdaForm$MH+0x0000000800c08400'
Event: 1161.521 Thread 0x000001e2b5cee610 Unloading class 0x0000000800c07c00 'java/lang/invoke/LambdaForm$MH+0x0000000800c07c00'
Event: 1161.521 Thread 0x000001e2b5cee610 Unloading class 0x0000000800c06c00 'java/lang/invoke/LambdaForm$MH+0x0000000800c06c00'
Event: 1161.521 Thread 0x000001e2b5cee610 Unloading class 0x0000000800c06800 'java/lang/invoke/LambdaForm$MH+0x0000000800c06800'
Event: 1161.521 Thread 0x000001e2b5cee610 Unloading class 0x0000000800c06400 'java/lang/invoke/LambdaForm$MH+0x0000000800c06400'
Event: 1161.521 Thread 0x000001e2b5cee610 Unloading class 0x0000000800c06000 'java/lang/invoke/LambdaForm$MH+0x0000000800c06000'
Event: 1161.521 Thread 0x000001e2b5cee610 Unloading class 0x0000000800c05c00 'java/lang/invoke/LambdaForm$MH+0x0000000800c05c00'
Event: 1161.521 Thread 0x000001e2b5cee610 Unloading class 0x0000000800c05800 'java/lang/invoke/LambdaForm$MH+0x0000000800c05800'
Event: 1161.521 Thread 0x000001e2b5cee610 Unloading class 0x0000000800c05400 'java/lang/invoke/LambdaForm$MH+0x0000000800c05400'
Event: 1161.521 Thread 0x000001e2b5cee610 Unloading class 0x0000000800c05000 'java/lang/invoke/LambdaForm$MH+0x0000000800c05000'
Event: 1161.521 Thread 0x000001e2b5cee610 Unloading class 0x0000000800c04800 'java/lang/invoke/LambdaForm$MH+0x0000000800c04800'
Event: 1161.521 Thread 0x000001e2b5cee610 Unloading class 0x0000000800c04000 'java/lang/invoke/LambdaForm$MH+0x0000000800c04000'
Event: 1161.521 Thread 0x000001e2b5cee610 Unloading class 0x0000000800c01c00 'java/lang/invoke/LambdaForm$MH+0x0000000800c01c00'
Event: 1161.521 Thread 0x000001e2b5cee610 Unloading class 0x0000000800c01400 'java/lang/invoke/LambdaForm$MH+0x0000000800c01400'
Event: 1161.521 Thread 0x000001e2b5cee610 Unloading class 0x0000000800c01000 'java/lang/invoke/LambdaForm$MH+0x0000000800c01000'
Event: 1161.521 Thread 0x000001e2b5cee610 Unloading class 0x0000000800c00800 'java/lang/invoke/LambdaForm$MH+0x0000000800c00800'

Classes redefined (20 events):
Event: 785.484 Thread 0x000001e2b5cee610 redefined class name=RegistrarAlumno$2, count=2
Event: 785.484 Thread 0x000001e2b5cee610 redefined class name=RegistrarAlumno$3, count=2
Event: 877.469 Thread 0x000001e2b5cee610 redefined class name=RegistrarAlumno, count=3
Event: 877.469 Thread 0x000001e2b5cee610 redefined class name=RegistrarAlumno$1, count=3
Event: 877.469 Thread 0x000001e2b5cee610 redefined class name=RegistrarAlumno$2, count=3
Event: 877.469 Thread 0x000001e2b5cee610 redefined class name=RegistrarAlumno$3, count=3
Event: 929.676 Thread 0x000001e2b5cee610 redefined class name=RegistrarAlumno, count=4
Event: 929.676 Thread 0x000001e2b5cee610 redefined class name=RegistrarAlumno$1, count=4
Event: 929.676 Thread 0x000001e2b5cee610 redefined class name=RegistrarAlumno$2, count=4
Event: 929.676 Thread 0x000001e2b5cee610 redefined class name=RegistrarAlumno$3, count=4
Event: 975.662 Thread 0x000001e2b5cee610 redefined class name=RegistrarAlumno, count=5
Event: 975.662 Thread 0x000001e2b5cee610 redefined class name=RegistrarAlumno$1, count=5
Event: 975.662 Thread 0x000001e2b5cee610 redefined class name=RegistrarAlumno$2, count=5
Event: 975.662 Thread 0x000001e2b5cee610 redefined class name=RegistrarAlumno$3, count=5
Event: 1292.986 Thread 0x000001e2b5cee610 redefined class name=VentanaConsulta$1, count=1
Event: 1292.986 Thread 0x000001e2b5cee610 redefined class name=VentanaConsulta, count=1
Event: 1292.986 Thread 0x000001e2b5cee610 redefined class name=VentanaConsulta$2, count=1
Event: 1487.050 Thread 0x000001e2b5cee610 redefined class name=VentanaConsulta$1, count=2
Event: 1487.051 Thread 0x000001e2b5cee610 redefined class name=VentanaConsulta, count=2
Event: 1487.051 Thread 0x000001e2b5cee610 redefined class name=VentanaConsulta$2, count=2

Internal exceptions (20 events):
Event: 887.068 Thread 0x000001e2d374d750 Implicit null exception at 0x000001e2c69b8d68 to 0x000001e2c69b8ea4
Event: 888.177 Thread 0x000001e2d374d750 Implicit null exception at 0x000001e2c68b8750 to 0x000001e2c68bcc7c
Event: 931.485 Thread 0x000001e2d374d750 Exception <a 'java/lang/NullPointerException'{0x00000000c416fb28}> (0x00000000c416fb28) 
thrown [t:\workspace\open\src\hotspot\share\interpreter\linkResolver.cpp, line 1385]
Event: 933.342 Thread 0x000001e2d374d750 Exception <a 'java/lang/NullPointerException'{0x00000000c4004538}> (0x00000000c4004538) 
thrown [t:\workspace\open\src\hotspot\share\interpreter\linkResolver.cpp, line 1385]
Event: 943.950 Thread 0x000001e2d374d750 Exception <a 'java/lang/NullPointerException'{0x00000000c3f0c0a0}> (0x00000000c3f0c0a0) 
thrown [t:\workspace\open\src\hotspot\share\interpreter\linkResolver.cpp, line 1385]
Event: 1151.899 Thread 0x000001e2d374d750 Exception <a 'java/lang/NoSuchMethodError'{0x00000000c3bd7fa0}: static [LAlumno;.<clinit>()V> (0x00000000c3bd7fa0) 
thrown [t:\workspace\open\src\hotspot\share\prims\jni.cpp, line 1210]
Event: 1151.905 Thread 0x000001e2d374d750 Exception <a 'java/lang/NoSuchMethodError'{0x00000000c3be5be8}: static [I.<clinit>()V> (0x00000000c3be5be8) 
thrown [t:\workspace\open\src\hotspot\share\prims\jni.cpp, line 1210]
Event: 1151.906 Thread 0x000001e2d374d750 Exception <a 'java/lang/NoSuchMethodError'{0x00000000c3be6c40}: static [Z.<clinit>()V> (0x00000000c3be6c40) 
thrown [t:\workspace\open\src\hotspot\share\prims\jni.cpp, line 1210]
Event: 1151.907 Thread 0x000001e2d374d750 Exception <a 'java/lang/NoSuchMethodError'{0x00000000c3be7fa0}: static [B.<clinit>()V> (0x00000000c3be7fa0) 
thrown [t:\workspace\open\src\hotspot\share\prims\jni.cpp, line 1210]
Event: 1151.907 Thread 0x000001e2d374d750 Exception <a 'java/lang/NoSuchMethodError'{0x00000000c3be9490}: static [J.<clinit>()V> (0x00000000c3be9490) 
thrown [t:\workspace\open\src\hotspot\share\prims\jni.cpp, line 1210]
Event: 1155.599 Thread 0x000001e2d374d750 Implicit null exception at 0x000001e2c699b66b to 0x000001e2c69a23bc
Event: 1161.349 Thread 0x000001e2d374d750 Implicit null exception at 0x000001e2c6700758 to 0x000001e2c6700b24
Event: 1170.932 Thread 0x000001e2d374d750 Implicit null exception at 0x000001e2c6b9d4d4 to 0x000001e2c6b9fba4
Event: 1228.007 Thread 0x000001e2d374d750 Exception <a 'java/lang/NoSuchMethodError'{0x00000000c45e7bd0}: 'java.lang.Object java.lang.invoke.DelegatingMethodHandle$Holder.reinvoke_L(java.lang.Object, java.lang.Object, long, java.lang.Object, java.lang.Object, java.lang.Object, java.lang.Object, int, int, java.lang.Object, java.lang.Object, int, int, java.lang.Object, java.lang.Object, java.lang.Object, java.lang.Object, java.lang.Object)'> (0x00000000c45e7bd0) 
thrown [t:\workspace\open\src\hotspot\share\interpreter\linkResolver.cpp, line 790]
Event: 1228.014 Thread 0x000001e2d374d750 Exception <a 'java/lang/NoSuchMethodError'{0x00000000c4431ca0}: 'java.lang.Object java.lang.invoke.DirectMethodHandle$Holder.invokeSpecial(java.lang.Object, java.lang.Object, long, java.lang.Object, java.lang.Object, java.lang.Object, java.lang.Object, int, int, java.lang.Object, java.lang.Object, int, int, java.lang.Object, java.lang.Object, java.lang.Object, java.lang.Object, java.lang.Object)'> (0x00000000c4431ca0) 
thrown [t:\workspace\open\src\hotspot\share\interpreter\linkResolver.cpp, line 790]
Event: 1228.014 Thread 0x000001e2d374d750 Exception <a 'java/lang/NoSuchMethodError'{0x00000000c4437da8}: 'java.lang.Object java.lang.invoke.DelegatingMethodHandle$Holder.reinvoke_L(java.lang.Object, long, java.lang.Object, java.lang.Object, java.lang.Object, java.lang.Object, int, int, java.lang.Object, java.lang.Object, int, int, java.lang.Object, java.lang.Object, java.lang.Object, java.lang.Object, java.lang.Object)'> (0x00000000c4437da8) 
thrown [t:\workspace\open\src\hotspot\share\interpreter\linkResolver.cpp, line 790]
Event: 1265.971 Thread 0x000001e2d374d750 Exception <a 'java/lang/NoSuchMethodError'{0x00000000c44e94e8}: 'java.lang.Object java.lang.invoke.DirectMethodHandle$Holder.invokeSpecial(java.lang.Object, java.lang.Object, java.lang.Object, java.lang.Object, java.lang.Object, java.lang.Object, int)'> (0x00000000c44e94e8) 
thrown [t:\workspace\open\src\hotspot\share\interpreter\linkResolver.cpp, line 790]
Event: 1266.191 Thread 0x000001e2d374d750 Exception <a 'java/lang/NoSuchMethodError'{0x00000000c431caf0}: 'java.lang.Object java.lang.invoke.DirectMethodHandle$Holder.invokeSpecial(java.lang.Object, java.lang.Object, java.lang.Object, java.lang.Object, int)'> (0x00000000c431caf0) 
thrown [t:\workspace\open\src\hotspot\share\interpreter\linkResolver.cpp, line 790]
Event: 1266.194 Thread 0x000001e2d374d750 Exception <a 'java/lang/NoSuchMethodError'{0x00000000c4321c00}: 'java.lang.Object java.lang.invoke.Invokers$Holder.linkToTargetMethod(java.lang.Object, java.lang.Object, int, java.lang.Object)'> (0x00000000c4321c00) 
thrown [t:\workspace\open\src\hotspot\share\interpreter\linkResolver.cpp, line 790]
Event: 1266.671 Thread 0x000001e2d374d750 Exception <a 'java/lang/NoSuchMethodError'{0x00000000c43ef988}: 'java.lang.Object java.lang.invoke.Invokers$Holder.linkToTargetMethod(java.lang.Object, int, java.lang.Object, java.lang.Object, java.lang.Object, java.lang.Object)'> (0x00000000c43ef988) 
thrown [t:\workspace\open\src\hotspot\share\interpreter\linkResolver.cpp, line 790]

Events (20 events):
Event: 1293.464 Executing  VM operation: get/set locals done
Event: 1293.689 Executing  VM operation: get/set locals
Event: 1293.689 Executing  VM operation: get/set locals done
Event: 1296.145 Executing  VM operation: get/set locals
Event: 1296.145 Executing  VM operation: get/set locals done
Event: 1331.276 Executing  VM operation: Cleanup
Event: 1331.277 Executing  VM operation: Cleanup done
Event: 1358.772 Executing  VM operation: G1CollectForAllocation
Event: 1358.785 Executing  VM operation: G1CollectForAllocation done
Event: 1358.785 Executing  VM operation: Cleanup
Event: 1358.786 Executing  VM operation: Cleanup done
Event: 1372.946 Executing  VM operation: ChangeBreakpoints
Event: 1372.946 Executing  VM operation: ChangeBreakpoints done
Event: 1372.957 Executing  VM operation: ChangeBreakpoints
Event: 1372.967 Executing  VM operation: ChangeBreakpoints done
Event: 1486.489 Executing  VM operation: RedefineClasses
Event: 1487.252 Executing  VM operation: RedefineClasses done
Event: 1487.300 Executing  VM operation: ChangeBreakpoints
Event: 1487.304 Executing  VM operation: ChangeBreakpoints done
Event: 1496.456 Executing  VM operation: get/set locals


Dynamic libraries:
0x00007ff730d70000 - 0x00007ff730d80000 	C:\Program Files\Java\jdk-16.0.1\bin\java.exe
0x00007ff8c04b0000 - 0x00007ff8c06a5000 	C:\WINDOWS\SYSTEM32\ntdll.dll
0x00007ff8bfc20000 - 0x00007ff8bfcdd000 	C:\WINDOWS\System32\KERNEL32.DLL
0x00007ff8bdbf0000 - 0x00007ff8bdeb8000 	C:\WINDOWS\System32\KERNELBASE.dll
0x00007ff8bdec0000 - 0x00007ff8bdfc0000 	C:\WINDOWS\System32\ucrtbase.dll
0x00007ff8b8880000 - 0x00007ff8b8898000 	C:\Program Files\Java\jdk-16.0.1\bin\jli.dll
0x00007ff8bf040000 - 0x00007ff8bf0ec000 	C:\WINDOWS\System32\ADVAPI32.dll
0x00007ff8c0150000 - 0x00007ff8c01ee000 	C:\WINDOWS\System32\msvcrt.dll
0x00007ff8c01f0000 - 0x00007ff8c028b000 	C:\WINDOWS\System32\sechost.dll
0x00007ff8bf950000 - 0x00007ff8bfa7b000 	C:\WINDOWS\System32\RPCRT4.dll
0x00007ff8be730000 - 0x00007ff8be8d0000 	C:\WINDOWS\System32\USER32.dll
0x00007ff8be440000 - 0x00007ff8be462000 	C:\WINDOWS\System32\win32u.dll
0x00007ff8bfa80000 - 0x00007ff8bfaaa000 	C:\WINDOWS\System32\GDI32.dll
0x00007ff8be150000 - 0x00007ff8be25b000 	C:\WINDOWS\System32\gdi32full.dll
0x00007ff8be050000 - 0x00007ff8be0ed000 	C:\WINDOWS\System32\msvcp_win.dll
0x00007ff8aa6e0000 - 0x00007ff8aa6f9000 	C:\Program Files\Java\jdk-16.0.1\bin\VCRUNTIME140.dll
0x00007ff8af1f0000 - 0x00007ff8af48a000 	C:\WINDOWS\WinSxS\amd64_microsoft.windows.common-controls_6595b64144ccf1df_6.0.19041.1052_none_60b8f8fd71f5e8cb\COMCTL32.dll
0x00007ff8b2c60000 - 0x00007ff8b2c6a000 	C:\WINDOWS\SYSTEM32\VERSION.dll
0x00007ff8becb0000 - 0x00007ff8bece0000 	C:\WINDOWS\System32\IMM32.DLL
0x00007ff8b8a20000 - 0x00007ff8b8a2c000 	C:\Program Files\Java\jdk-16.0.1\bin\vcruntime140_1.dll
0x00007ff866e70000 - 0x00007ff866f01000 	C:\Program Files\Java\jdk-16.0.1\bin\msvcp140.dll
0x00007ff8662c0000 - 0x00007ff866e6b000 	C:\Program Files\Java\jdk-16.0.1\bin\server\jvm.dll
0x00007ff8bea10000 - 0x00007ff8bea18000 	C:\WINDOWS\System32\PSAPI.DLL
0x00007ff8b93c0000 - 0x00007ff8b93c9000 	C:\WINDOWS\SYSTEM32\WSOCK32.dll
0x00007ff8bf0f0000 - 0x00007ff8bf15b000 	C:\WINDOWS\System32\WS2_32.dll
0x00007ff8aefc0000 - 0x00007ff8aefe7000 	C:\WINDOWS\SYSTEM32\WINMM.dll
0x00007ff8bbb60000 - 0x00007ff8bbb72000 	C:\WINDOWS\SYSTEM32\kernel.appcore.dll
0x00007ff8ac500000 - 0x00007ff8ac50a000 	C:\Program Files\Java\jdk-16.0.1\bin\jimage.dll
0x00007ff8a56e0000 - 0x00007ff8a58c4000 	C:\WINDOWS\SYSTEM32\DBGHELP.DLL
0x00007ff8b8d40000 - 0x00007ff8b8d6c000 	C:\WINDOWS\SYSTEM32\dbgcore.DLL
0x00007ff8bdfc0000 - 0x00007ff8be043000 	C:\WINDOWS\System32\bcryptPrimitives.dll
0x00007ff886e60000 - 0x00007ff886e9b000 	C:\Program Files\Java\jdk-16.0.1\bin\jdwp.dll
0x00007ff8aa190000 - 0x00007ff8aa1b5000 	C:\Program Files\Java\jdk-16.0.1\bin\java.dll
0x00007ff8bf1f0000 - 0x00007ff8bf92f000 	C:\WINDOWS\System32\SHELL32.dll
0x00007ff8bbd60000 - 0x00007ff8bc4f0000 	C:\WINDOWS\SYSTEM32\windows.storage.dll
0x00007ff8bece0000 - 0x00007ff8bf035000 	C:\WINDOWS\System32\combase.dll
0x00007ff8bd660000 - 0x00007ff8bd68c000 	C:\WINDOWS\SYSTEM32\Wldp.dll
0x00007ff8c03c0000 - 0x00007ff8c046e000 	C:\WINDOWS\System32\SHCORE.dll
0x00007ff8c0290000 - 0x00007ff8c02e5000 	C:\WINDOWS\System32\shlwapi.dll
0x00007ff8bdb30000 - 0x00007ff8bdb4f000 	C:\WINDOWS\SYSTEM32\profapi.dll
0x00007ff89c130000 - 0x00007ff89c13c000 	C:\Program Files\Java\jdk-16.0.1\bin\dt_socket.dll
0x00007ff8bd070000 - 0x00007ff8bd0ab000 	C:\WINDOWS\SYSTEM32\IPHLPAPI.DLL
0x00007ff8bd3d0000 - 0x00007ff8bd43a000 	C:\WINDOWS\system32\mswsock.dll
0x00007ff8bd0b0000 - 0x00007ff8bd17c000 	C:\WINDOWS\SYSTEM32\DNSAPI.dll
0x00007ff8bea00000 - 0x00007ff8bea08000 	C:\WINDOWS\System32\NSI.dll
0x00007ff8b2c70000 - 0x00007ff8b2c7a000 	C:\Windows\System32\rasadhlp.dll
0x00007ff8b2ad0000 - 0x00007ff8b2b4f000 	C:\WINDOWS\System32\fwpuclnt.dll
0x00007ff8be410000 - 0x00007ff8be437000 	C:\WINDOWS\System32\bcrypt.dll
0x00007ff8aa170000 - 0x00007ff8aa189000 	C:\Program Files\Java\jdk-16.0.1\bin\net.dll
0x00007ff8b2b50000 - 0x00007ff8b2c5b000 	C:\WINDOWS\SYSTEM32\WINHTTP.dll
0x00007ff8a5200000 - 0x00007ff8a5213000 	C:\Program Files\Java\jdk-16.0.1\bin\nio.dll
0x00007ff8a4330000 - 0x00007ff8a4348000 	C:\Program Files\Java\jdk-16.0.1\bin\zip.dll
0x00007ff85ec70000 - 0x00007ff85edf0000 	C:\Program Files\Java\jdk-16.0.1\bin\awt.dll
0x00007ff8c02f0000 - 0x00007ff8c03bd000 	C:\WINDOWS\System32\OLEAUT32.dll
0x00007ff8bb4c0000 - 0x00007ff8bb550000 	C:\WINDOWS\SYSTEM32\apphelp.dll
0x00007ff8bb650000 - 0x00007ff8bb6ee000 	C:\WINDOWS\system32\uxtheme.dll
0x00007ff8be610000 - 0x00007ff8be725000 	C:\WINDOWS\System32\MSCTF.dll
0x0000000180000000 - 0x0000000180432000 	F:\Program Files (x86)\RivaTuner Statistics Server\RTSSHooks64.dll
0x00007ff8bfce0000 - 0x00007ff8c0149000 	C:\WINDOWS\System32\SETUPAPI.dll
0x00007ff8be3c0000 - 0x00007ff8be40e000 	C:\WINDOWS\System32\cfgmgr32.dll
0x00007ff8be8d0000 - 0x00007ff8be9fa000 	C:\WINDOWS\System32\ole32.dll
0x00007ff8bb980000 - 0x00007ff8bb9af000 	C:\WINDOWS\system32\DWMAPI.DLL
0x00007ff862c30000 - 0x00007ff862cb9000 	C:\Program Files\Java\jdk-16.0.1\bin\freetype.dll
0x00007ff862820000 - 0x00007ff862916000 	C:\Program Files\Java\jdk-16.0.1\bin\harfbuzz.dll
0x00007ff89c110000 - 0x00007ff89c122000 	C:\Program Files\Java\jdk-16.0.1\bin\fontmanager.dll
0x00007ff890ad0000 - 0x00007ff890bf6000 	C:\WINDOWS\system32\opengl32.dll
0x00007ff8a4e10000 - 0x00007ff8a4e3c000 	C:\WINDOWS\SYSTEM32\GLU32.dll
0x00007ff895000000 - 0x00007ff895010000 	C:\Program Files\Java\jdk-16.0.1\bin\verify.dll
0x00007ff8b4cc0000 - 0x00007ff8b4db9000 	C:\WINDOWS\SYSTEM32\textinputframework.dll
0x00007ff8baf30000 - 0x00007ff8bb28e000 	C:\WINDOWS\System32\CoreUIComponents.dll
0x00007ff8bb290000 - 0x00007ff8bb382000 	C:\WINDOWS\System32\CoreMessaging.dll
0x00007ff8bc930000 - 0x00007ff8bc963000 	C:\WINDOWS\SYSTEM32\ntmarta.dll
0x00007ff8ba860000 - 0x00007ff8ba9b4000 	C:\WINDOWS\SYSTEM32\wintypes.dll
0x00007ff8886f0000 - 0x00007ff88871d000 	C:\Program Files\Java\jdk-16.0.1\bin\javajpeg.dll
0x00007ff8bfb10000 - 0x00007ff8bfbb9000 	C:\WINDOWS\System32\clbcatq.dll
0x00007ff8b31d0000 - 0x00007ff8b3384000 	C:\WINDOWS\SYSTEM32\WindowsCodecs.dll
0x00007ff89d8d0000 - 0x00007ff89d90e000 	C:\WINDOWS\system32\dataexchange.dll
0x00007ff8ba030000 - 0x00007ff8ba294000 	C:\WINDOWS\system32\d3d11.dll
0x00007ff8ba9c0000 - 0x00007ff8baba6000 	C:\WINDOWS\system32\dcomp.dll
0x00007ff8bc650000 - 0x00007ff8bc744000 	C:\WINDOWS\system32\dxgi.dll
0x00007ff8b9850000 - 0x00007ff8b9a51000 	C:\WINDOWS\system32\twinapi.appcore.dll

dbghelp: loaded successfully - version: 4.0.5 - missing functions: none
symbol engine: initialized successfully - sym options: 0x614 - pdb path: .;C:\Program Files\Java\jdk-16.0.1\bin;C:\WINDOWS\SYSTEM32;C:\WINDOWS\WinSxS\amd64_microsoft.windows.common-controls_6595b64144ccf1df_6.0.19041.1052_none_60b8f8fd71f5e8cb;C:\Program Files\Java\jdk-16.0.1\bin\server;F:\Program Files (x86)\RivaTuner Statistics Server

VM Arguments:
jvm_args: -agentlib:jdwp=transport=dt_socket,server=n,suspend=y,address=localhost:52658 --enable-preview -XX:+ShowCodeDetailsInExceptionMessages -Dfile.encoding=UTF-8 
java_command: Principal
java_class_path (initial): C:\Users\angel\AppData\Roaming\Code\User\workspaceStorage\3aefe5b244e6b6a937058036cc945ff4\redhat.java\jdt_ws\becas_3ac9a5f1\bin;F:\Angel - Escolar - Drive\POO\becas\lib\jcalendar-1.4.jar;F:\Angel - Escolar - Drive\POO\becas\lib\beans-binding\beansbinding-1.2.1.jar;F:\Angel - Escolar - Drive\POO\becas\lib\absolutelayout\AbsoluteLayout.jar;F:\Angel - Escolar - Drive\POO\becas\lib\CopyLibs\org-netbeans-modules-java-j2seproject-copylibstask.jar
Launcher Type: SUN_STANDARD

[Global flags]
     intx CICompilerCount                          = 2                                         {product} {ergonomic}
     uint ConcGCThreads                            = 1                                         {product} {ergonomic}
     uint G1ConcRefinementThreads                  = 2                                         {product} {ergonomic}
   size_t G1HeapRegionSize                         = 1048576                                   {product} {ergonomic}
    uintx GCDrainStackTargetSize                   = 64                                        {product} {ergonomic}
   size_t InitialHeapSize                          = 67108864                                  {product} {ergonomic}
   size_t MarkStackSize                            = 4194304                                   {product} {ergonomic}
   size_t MaxHeapSize                              = 1052770304                                {product} {ergonomic}
   size_t MaxNewSize                               = 631242752                                 {product} {ergonomic}
   size_t MinHeapDeltaBytes                        = 1048576                                   {product} {ergonomic}
   size_t MinHeapSize                              = 8388608                                   {product} {ergonomic}
    uintx NonNMethodCodeHeapSize                   = 5826188                                {pd product} {ergonomic}
    uintx NonProfiledCodeHeapSize                  = 122916026                              {pd product} {ergonomic}
    uintx ProfiledCodeHeapSize                     = 122916026                              {pd product} {ergonomic}
    uintx ReservedCodeCacheSize                    = 251658240                              {pd product} {ergonomic}
     bool SegmentedCodeCache                       = true                                      {product} {ergonomic}
     bool ShowCodeDetailsInExceptionMessages       = true                                   {manageable} {command line}
   size_t SoftMaxHeapSize                          = 1052770304                             {manageable} {ergonomic}
     bool UseCompressedClassPointers               = true                           {product lp64_product} {ergonomic}
     bool UseCompressedOops                        = true                           {product lp64_product} {ergonomic}
     bool UseG1GC                                  = true                                      {product} {ergonomic}
     bool UseLargePagesIndividualAllocation        = false                                  {pd product} {ergonomic}

Logging:
Log output configuration:
 #0: stdout all=warning uptime,level,tags
 #1: stderr all=off uptime,level,tags

Environment Variables:
PATH=C:\Program Files (x86)\Common Files\Oracle\Java\javapath;C:\Program Files\Common Files\Oracle\Java\javapath;C:\WINDOWS\system32;C:\WINDOWS;C:\WINDOWS\System32\Wbem;C:\WINDOWS\System32\WindowsPowerShell\v1.0\;C:\WINDOWS\System32\OpenSSH\;C:\Program Files\dotnet\;C:\Program Files\Microsoft SQL Server\Client SDK\ODBC\170\Tools\Binn\;C:\Program Files (x86)\Microsoft SQL Server\150\Tools\Binn\;C:\Program Files\Microsoft SQL Server\150\Tools\Binn\;C:\Program Files\Microsoft SQL Server\150\DTS\Binn\;C:\Program Files (x86)\Microsoft SQL Server\150\DTS\Binn\;C:\Program Files\Azure Data Studio\bin;D:\Git\cmd;C:\Program Files\MySQL\MySQL Shell 8.0\bin\;C:\Users\angel\AppData\Local\Microsoft\WindowsApps;C:\Users\angel\AppData\Local\Programs\Microsoft VS Code\bin;C:\Users\angel\.dotnet\tools;C:\Program Files\Azure Data Studio\bin;C:\MinGW\bin;
USERNAME=Angel
LANG=es_ES.UTF-8
OS=Windows_NT
PROCESSOR_IDENTIFIER=Intel64 Family 6 Model 60 Stepping 3, GenuineIntel



---------------  S Y S T E M  ---------------

OS:
 Windows 10 , 64 bit Build 19041 (10.0.19041.1023)
OS uptime: 0 days 10:41 hours

CPU: total 2 (initial active 2) (2 cores per cpu, 1 threads per core) family 6 model 60 stepping 3 microcode 0x28, cx8, cmov, fxsr, mmx, sse, sse2, sse3, ssse3, sse4.1, sse4.2, popcnt, lzcnt, tsc, tscinvbit, erms, clmul, clflush

Memory: 4k page, system-wide physical 4013M (792M free)
TotalPageFile size 9133M (AvailPageFile size 2409M)
current process WorkingSet (physical memory assigned to process): 59M, peak: 223M
current process commit charge ("private bytes"): 178M, peak: 295M

vm_info: Java HotSpot(TM) 64-Bit Server VM (16.0.1+9-24) for windows-amd64 JRE (16.0.1+9-24), built on Mar 26 2021 19:31:42 by "mach5one" with MS VC++ 16.7 (VS2019)

END.
